0    ERROR [main]                               GebiBot     - Test
189  DEBUG [main]                               GebiBot     - orders-keys: [28 19] || newLoc: 27 19
190  DEBUG [main]                               GebiBot     - orders-keys: [28 19, 27 19] || newLoc: 28 18
190  DEBUG [main]                               GebiBot     - orders-keys: [28 18, 28 19, 27 19] || newLoc: 28 20
191  DEBUG [main]                               GebiBot     - orders-keys: [28 18, 28 19, 28 20, 27 19] || newLoc: 29 19
239  DEBUG [main]                               GebiBot     - orders-keys: [28 19] || newLoc: 27 18
240  DEBUG [main]                               GebiBot     - orders-keys: [28 19, 27 18] || newLoc: 27 20
272  DEBUG [main]                               GebiBot     - orders-keys: [28 19] || newLoc: 28 18
273  DEBUG [main]                               GebiBot     - orders-keys: [28 18, 28 19] || newLoc: 28 20
273  DEBUG [main]                               GebiBot     - orders-keys: [28 18, 28 19, 28 20] || newLoc: 29 19
309  DEBUG [main]                               GebiBot     - orders-keys: [28 18, 28 19, 29 19, 28 20] || newLoc: 28 17
312  DEBUG [main]                               GebiBot     - orders-keys: [28 19] || newLoc: 29 20
312  DEBUG [main]                               GebiBot     - orders-keys: [28 19, 29 20] || newLoc: 28 21
352  DEBUG [main]                               GebiBot     - orders-keys: [28 19] || newLoc: 30 20
353  DEBUG [main]                               GebiBot     - orders-keys: [28 19, 30 20] || newLoc: 29 21
353  DEBUG [main]                               GebiBot     - orders-keys: [28 19, 29 21, 30 20] || newLoc: 29 17
376  DEBUG [main]                               GebiBot     - orders-keys: [28 19, 29 21, 29 17, 30 20] || newLoc: 29 19
377  DEBUG [main]                               GebiBot     - orders-keys: [28 19, 29 21, 29 19, 29 17, 30 20] || newLoc: 27 19
378  DEBUG [main]                               GebiBot     - orders-keys: [28 19, 29 21, 29 19, 29 17, 27 19, 30 20] || newLoc: 28 20
379  DEBUG [main]                               GebiBot     - orders-keys: [28 19, 29 21, 29 19, 28 20, 29 17, 27 19, 30 20] || newLoc: 28 18
459  DEBUG [main]                               GebiBot     - orders-keys: [28 18, 28 19, 29 21, 29 19, 28 20, 29 17, 27 19, 30 20] || newLoc: 30 17
462  DEBUG [main]                               GebiBot     - orders-keys: [28 19] || newLoc: 31 20
463  DEBUG [main]                               GebiBot     - orders-keys: [28 19, 31 20] || newLoc: 30 21
464  DEBUG [main]                               GebiBot     - orders-keys: [28 19, 31 20, 30 21] || newLoc: 30 19
476  DEBUG [main]                               GebiBot     - orders-keys: [28 19, 30 19, 31 20, 30 21] || newLoc: 27 19
477  DEBUG [main]                               GebiBot     - orders-keys: [28 19, 30 19, 31 20, 27 19, 30 21] || newLoc: 28 20
478  DEBUG [main]                               GebiBot     - orders-keys: [28 19, 28 20, 30 19, 31 20, 27 19, 30 21] || newLoc: 28 18
552  DEBUG [main]                               GebiBot     - orders-keys: [28 18, 28 19, 28 20, 30 19, 31 20, 27 19, 30 21] || newLoc: 31 17
553  DEBUG [main]                               GebiBot     - orders-keys: [28 18, 28 19, 28 20, 30 19, 31 20, 27 19, 31 17, 30 21] || newLoc: 31 19
555  DEBUG [main]                               GebiBot     - orders-keys: [28 19] || newLoc: 32 20
555  DEBUG [main]                               GebiBot     - orders-keys: [32 20, 28 19] || newLoc: 31 21
556  DEBUG [main]                               GebiBot     - orders-keys: [32 20, 28 19, 31 21] || newLoc: 31 19
566  DEBUG [main]                               GebiBot     - orders-keys: [32 20, 28 19, 31 21, 31 19] || newLoc: 26 19
567  DEBUG [main]                               GebiBot     - orders-keys: [32 20, 28 19, 26 19, 31 21, 31 19] || newLoc: 27 18
568  DEBUG [main]                               GebiBot     - orders-keys: [32 20, 28 19, 26 19, 31 21, 27 18, 31 19] || newLoc: 27 20
630  DEBUG [main]                               GebiBot     - orders-keys: [32 20, 28 19, 26 19, 27 20, 31 21, 27 18, 31 19] || newLoc: 32 17
631  DEBUG [main]                               GebiBot     - orders-keys: [32 20, 28 19, 32 17, 26 19, 27 20, 31 21, 27 18, 31 19] || newLoc: 32 19
633  DEBUG [main]                               GebiBot     - orders-keys: [28 19] || newLoc: 33 20
634  DEBUG [main]                               GebiBot     - orders-keys: [28 19, 33 20] || newLoc: 32 21
635  DEBUG [main]                               GebiBot     - orders-keys: [32 21, 28 19, 33 20] || newLoc: 32 19
644  DEBUG [main]                               GebiBot     - orders-keys: [32 21, 28 19, 33 20, 32 19] || newLoc: 25 19
645  DEBUG [main]                               GebiBot     - orders-keys: [32 21, 28 19, 25 19, 33 20, 32 19] || newLoc: 26 20
646  DEBUG [main]                               GebiBot     - orders-keys: [32 21, 28 19, 25 19, 33 20, 32 19, 26 20] || newLoc: 26 18
648  DEBUG [main]                               GebiBot     - orders-keys: [32 21, 28 19, 25 19, 33 20, 32 19, 26 18, 26 20] || newLoc: 27 19
717  DEBUG [main]                               GebiBot     - orders-keys: [32 21, 28 19, 25 19, 33 20, 32 19, 26 18, 27 19, 26 20] || newLoc: 33 17
718  DEBUG [main]                               GebiBot     - orders-keys: [33 17, 32 21, 28 19, 25 19, 33 20, 32 19, 26 18, 27 19, 26 20] || newLoc: 33 19
720  DEBUG [main]                               GebiBot     - orders-keys: [28 19] || newLoc: 34 20
721  DEBUG [main]                               GebiBot     - orders-keys: [28 19, 34 20] || newLoc: 33 21
721  DEBUG [main]                               GebiBot     - orders-keys: [28 19, 33 21, 34 20] || newLoc: 33 19
729  DEBUG [main]                               GebiBot     - orders-keys: [28 19, 33 19, 33 21, 34 20] || newLoc: 24 19
730  DEBUG [main]                               GebiBot     - orders-keys: [24 19, 28 19, 33 19, 33 21, 34 20] || newLoc: 25 20
730  DEBUG [main]                               GebiBot     - orders-keys: [24 19, 28 19, 25 20, 33 19, 33 21, 34 20] || newLoc: 25 18
732  DEBUG [main]                               GebiBot     - orders-keys: [24 19, 28 19, 25 20, 33 19, 25 18, 33 21, 34 20] || newLoc: 26 19
820  DEBUG [main]                               GebiBot     - orders-keys: [24 19, 28 19, 25 20, 33 19, 25 18, 33 21, 26 19, 34 20] || newLoc: 34 17
821  DEBUG [main]                               GebiBot     - orders-keys: [24 19, 28 19, 25 20, 33 19, 25 18, 33 21, 26 19, 34 20, 34 17] || newLoc: 34 19
823  DEBUG [main]                               GebiBot     - orders-keys: [28 19] || newLoc: 35 20
823  DEBUG [main]                               GebiBot     - orders-keys: [28 19, 35 20] || newLoc: 34 21
824  DEBUG [main]                               GebiBot     - orders-keys: [28 19, 34 21, 35 20] || newLoc: 34 19
831  DEBUG [main]                               GebiBot     - orders-keys: [28 19, 34 21, 35 20, 34 19] || newLoc: 23 19
832  DEBUG [main]                               GebiBot     - orders-keys: [28 19, 34 21, 23 19, 35 20, 34 19] || newLoc: 24 20
833  DEBUG [main]                               GebiBot     - orders-keys: [28 19, 24 20, 34 21, 23 19, 35 20, 34 19] || newLoc: 24 18
835  DEBUG [main]                               GebiBot     - orders-keys: [24 18, 28 19, 24 20, 34 21, 23 19, 35 20, 34 19] || newLoc: 25 19
924  DEBUG [main]                               GebiBot     - orders-keys: [24 18, 28 19, 25 19, 24 20, 34 21, 23 19, 35 20, 34 19] || newLoc: 35 17
925  DEBUG [main]                               GebiBot     - orders-keys: [24 18, 28 19, 25 19, 24 20, 35 17, 34 21, 23 19, 35 20, 34 19] || newLoc: 35 19
927  DEBUG [main]                               GebiBot     - orders-keys: [28 19] || newLoc: 35 21
928  DEBUG [main]                               GebiBot     - orders-keys: [28 19, 35 21] || newLoc: 35 19
933  DEBUG [main]                               GebiBot     - orders-keys: [28 19, 35 19, 35 21] || newLoc: 23 18
933  DEBUG [main]                               GebiBot     - orders-keys: [28 19, 35 19, 35 21, 23 18] || newLoc: 23 20
934  DEBUG [main]                               GebiBot     - orders-keys: [28 19, 35 19, 23 20, 35 21, 23 18] || newLoc: 24 19
981  DEBUG [main]                               GebiBot     - orders-keys: [24 19, 28 19, 35 19, 23 20, 35 21, 23 18] || newLoc: 35 16
982  DEBUG [main]                               GebiBot     - orders-keys: [24 19, 28 19, 35 16, 35 19, 23 20, 35 21, 23 18] || newLoc: 35 18
982  DEBUG [main]                               GebiBot     - orders-keys: [28 19] || newLoc: 35 22
983  DEBUG [main]                               GebiBot     - orders-keys: [28 19, 35 22] || newLoc: 35 20
988  DEBUG [main]                               GebiBot     - orders-keys: [28 19, 35 20, 35 22] || newLoc: 24 18
988  DEBUG [main]                               GebiBot     - orders-keys: [24 18, 28 19, 35 20, 35 22] || newLoc: 23 19
1003 DEBUG [main]                               GebiBot     - orders-keys: [24 18, 28 19, 23 19, 35 20, 35 22] || newLoc: 27 19
1004 DEBUG [main]                               GebiBot     - orders-keys: [24 18, 28 19, 23 19, 27 19, 35 20, 35 22] || newLoc: 28 20
1005 DEBUG [main]                               GebiBot     - orders-keys: [24 18, 28 19, 28 20, 23 19, 27 19, 35 20, 35 22] || newLoc: 29 19
1005 DEBUG [main]                               GebiBot     - orders-keys: [24 18, 28 19, 29 19, 28 20, 23 19, 27 19, 35 20, 35 22] || newLoc: 28 18
1058 DEBUG [main]                               GebiBot     - orders-keys: [28 18, 24 18, 28 19, 29 19, 28 20, 23 19, 27 19, 35 20, 35 22] || newLoc: 35 15
1060 DEBUG [main]                               GebiBot     - orders-keys: [28 18, 24 18, 28 19, 29 19, 28 20, 35 15, 23 19, 27 19, 35 20, 35 22] || newLoc: 35 17
1061 DEBUG [main]                               GebiBot     - orders-keys: [28 19] || newLoc: 35 23
1062 DEBUG [main]                               GebiBot     - orders-keys: [28 19, 35 23] || newLoc: 35 21
1067 DEBUG [main]                               GebiBot     - orders-keys: [28 19, 35 21, 35 23] || newLoc: 24 17
1068 DEBUG [main]                               GebiBot     - orders-keys: [28 19, 24 17, 35 21, 35 23] || newLoc: 23 18
1069 DEBUG [main]                               GebiBot     - orders-keys: [28 19, 24 17, 35 21, 23 18, 35 23] || newLoc: 24 19
1070 DEBUG [main]                               GebiBot     - orders-keys: [24 19, 28 19, 24 17, 35 21, 23 18, 35 23] || newLoc: 25 18
1084 DEBUG [main]                               GebiBot     - orders-keys: [24 19, 28 19, 24 17, 25 18, 35 21, 23 18, 35 23] || newLoc: 26 19
1085 DEBUG [main]                               GebiBot     - orders-keys: [24 19, 28 19, 24 17, 25 18, 26 19, 35 21, 23 18, 35 23] || newLoc: 27 20
1086 DEBUG [main]                               GebiBot     - orders-keys: [24 19, 28 19, 24 17, 25 18, 26 19, 27 20, 35 21, 23 18, 35 23] || newLoc: 27 18
1128 DEBUG [main]                               GebiBot     - orders-keys: [24 19, 28 19, 24 17, 25 18, 26 19, 27 20, 27 18, 35 21, 23 18, 35 23] || newLoc: 35 14
1129 DEBUG [main]                               GebiBot     - orders-keys: [24 19, 28 19, 24 17, 25 18, 35 14, 26 19, 27 20, 27 18, 35 21, 23 18, 35 23] || newLoc: 35 16
1130 DEBUG [main]                               GebiBot     - orders-keys: [28 19] || newLoc: 35 24
1130 DEBUG [main]                               GebiBot     - orders-keys: [35 24, 28 19] || newLoc: 35 22
1133 DEBUG [main]                               GebiBot     - orders-keys: [35 24, 28 19, 35 22] || newLoc: 24 16
1134 DEBUG [main]                               GebiBot     - orders-keys: [35 24, 28 19, 24 16, 35 22] || newLoc: 25 17
1134 DEBUG [main]                               GebiBot     - orders-keys: [35 24, 28 19, 24 16, 25 17, 35 22] || newLoc: 24 18
1140 DEBUG [main]                               GebiBot     - orders-keys: [24 18, 35 24, 28 19, 24 16, 25 17, 35 22] || newLoc: 25 19
1141 DEBUG [main]                               GebiBot     - orders-keys: [24 18, 35 24, 28 19, 24 16, 25 19, 25 17, 35 22] || newLoc: 26 20
1142 DEBUG [main]                               GebiBot     - orders-keys: [24 18, 35 24, 28 19, 24 16, 25 19, 25 17, 26 20, 35 22] || newLoc: 27 19
1143 DEBUG [main]                               GebiBot     - orders-keys: [24 18, 35 24, 28 19, 24 16, 25 19, 25 17, 27 19, 26 20, 35 22] || newLoc: 26 18
1190 DEBUG [main]                               GebiBot     - orders-keys: [24 18, 35 24, 28 19, 24 16, 25 19, 25 17, 26 18, 27 19, 26 20, 35 22] || newLoc: 35 13
1190 DEBUG [main]                               GebiBot     - orders-keys: [24 18, 35 24, 28 19, 24 16, 35 13, 25 19, 25 17, 26 18, 27 19, 26 20, 35 22] || newLoc: 35 15
1193 DEBUG [main]                               GebiBot     - orders-keys: [28 19] || newLoc: 23 16
1194 DEBUG [main]                               GebiBot     - orders-keys: [28 19, 23 16] || newLoc: 24 15
1194 DEBUG [main]                               GebiBot     - orders-keys: [28 19, 24 15, 23 16] || newLoc: 25 16
1195 DEBUG [main]                               GebiBot     - orders-keys: [28 19, 25 16, 24 15, 23 16] || newLoc: 24 17
1198 DEBUG [main]                               GebiBot     - orders-keys: [28 19, 24 17, 25 16, 24 15, 23 16] || newLoc: 24 19
1199 DEBUG [main]                               GebiBot     - orders-keys: [24 19, 28 19, 24 17, 25 16, 24 15, 23 16] || newLoc: 25 20
1199 DEBUG [main]                               GebiBot     - orders-keys: [24 19, 28 19, 25 20, 24 17, 25 16, 24 15, 23 16] || newLoc: 26 19
1200 DEBUG [main]                               GebiBot     - orders-keys: [24 19, 28 19, 25 20, 24 17, 25 16, 26 19, 24 15, 23 16] || newLoc: 25 18
1203 DEBUG [main]                               GebiBot     - orders-keys: [24 19, 28 19, 25 20, 24 17, 25 18, 25 16, 26 19, 24 15, 23 16] || newLoc: 36 24
1203 DEBUG [main]                               GebiBot     - orders-keys: [24 19, 28 19, 25 20, 24 17, 25 18, 25 16, 26 19, 24 15, 36 24, 23 16] || newLoc: 35 25
1204 DEBUG [main]                               GebiBot     - orders-keys: [35 25, 24 19, 28 19, 25 20, 24 17, 25 18, 25 16, 26 19, 24 15, 36 24, 23 16] || newLoc: 34 24
1205 DEBUG [main]                               GebiBot     - orders-keys: [35 25, 24 19, 28 19, 25 20, 24 17, 25 18, 34 24, 25 16, 26 19, 24 15, 36 24, 23 16] || newLoc: 35 23
1247 DEBUG [main]                               GebiBot     - orders-keys: [35 25, 24 19, 28 19, 25 20, 24 17, 25 18, 34 24, 25 16, 26 19, 24 15, 36 24, 35 23, 23 16] || newLoc: 35 14
1248 DEBUG [main]                               GebiBot     - orders-keys: [28 19] || newLoc: 35 12
1250 DEBUG [main]                               GebiBot     - orders-keys: [28 19, 35 12] || newLoc: 22 16
1250 DEBUG [main]                               GebiBot     - orders-keys: [28 19, 35 12, 22 16] || newLoc: 23 15
1251 DEBUG [main]                               GebiBot     - orders-keys: [28 19, 35 12, 22 16, 23 15] || newLoc: 24 16
1253 DEBUG [main]                               GebiBot     - orders-keys: [28 19, 35 12, 22 16, 23 15, 24 16] || newLoc: 24 20
1253 DEBUG [main]                               GebiBot     - orders-keys: [28 19, 35 12, 22 16, 23 15, 24 16, 24 20] || newLoc: 23 19
1254 DEBUG [main]                               GebiBot     - orders-keys: [28 19, 35 12, 22 16, 23 19, 23 15, 24 16, 24 20] || newLoc: 25 19
1255 DEBUG [main]                               GebiBot     - orders-keys: [28 19, 35 12, 22 16, 23 19, 23 15, 24 16, 25 19, 24 20] || newLoc: 24 18
1257 DEBUG [main]                               GebiBot     - orders-keys: [28 19, 35 12, 22 16, 23 19, 24 18, 23 15, 24 16, 25 19, 24 20] || newLoc: 27 19
1258 DEBUG [main]                               GebiBot     - orders-keys: [28 19, 35 12, 22 16, 23 19, 24 18, 23 15, 24 16, 25 19, 24 20, 27 19] || newLoc: 28 20
1258 DEBUG [main]                               GebiBot     - orders-keys: [28 19, 35 12, 28 20, 22 16, 23 19, 24 18, 23 15, 24 16, 25 19, 24 20, 27 19] || newLoc: 28 18
1259 DEBUG [main]                               GebiBot     - orders-keys: [28 18, 28 19, 35 12, 28 20, 22 16, 23 19, 24 18, 23 15, 24 16, 25 19, 24 20, 27 19] || newLoc: 29 19
1261 DEBUG [main]                               GebiBot     - orders-keys: [28 18, 28 19, 35 12, 29 19, 28 20, 22 16, 23 19, 24 18, 23 15, 24 16, 25 19, 24 20, 27 19] || newLoc: 37 24
1262 DEBUG [main]                               GebiBot     - orders-keys: [28 18, 28 19, 35 12, 29 19, 28 20, 37 24, 22 16, 23 19, 24 18, 23 15, 24 16, 25 19, 24 20, 27 19] || newLoc: 36 25
1263 DEBUG [main]                               GebiBot     - orders-keys: [28 18, 28 19, 35 12, 29 19, 28 20, 37 24, 22 16, 36 25, 23 19, 24 18, 23 15, 24 16, 25 19, 24 20, 27 19] || newLoc: 35 24
1264 DEBUG [main]                               GebiBot     - orders-keys: [28 18, 28 19, 35 12, 29 19, 28 20, 37 24, 22 16, 36 25, 23 19, 24 18, 35 24, 23 15, 24 16, 25 19, 24 20, 27 19] || newLoc: 36 23
1311 DEBUG [main]                               GebiBot     - orders-keys: [28 18, 28 19, 36 23, 35 12, 29 19, 28 20, 37 24, 22 16, 36 25, 23 19, 24 18, 35 24, 23 15, 24 16, 25 19, 24 20, 27 19] || newLoc: 35 11
1311 DEBUG [main]                               GebiBot     - orders-keys: [28 18, 28 19, 36 23, 35 11, 35 12, 29 19, 28 20, 37 24, 22 16, 36 25, 23 19, 24 18, 35 24, 23 15, 24 16, 25 19, 24 20, 27 19] || newLoc: 35 13
1312 DEBUG [main]                               GebiBot     - orders-keys: [28 19] || newLoc: 29 19
1313 DEBUG [main]                               GebiBot     - orders-keys: [28 19, 29 19] || newLoc: 21 16
1313 DEBUG [main]                               GebiBot     - orders-keys: [28 19, 29 19, 21 16] || newLoc: 23 20
1314 DEBUG [main]                               GebiBot     - orders-keys: [28 19, 29 19, 21 16, 23 20] || newLoc: 26 19
1314 DEBUG [main]                               GebiBot     - orders-keys: [28 19, 29 19, 21 16, 23 20, 26 19] || newLoc: 38 24
1374 DEBUG [main]                               GebiBot     - orders-keys: [28 19, 38 24, 29 19, 21 16, 23 20, 26 19] || newLoc: 35 10
1375 DEBUG [main]                               GebiBot     - orders-keys: [28 19, 35 10, 38 24, 29 19, 21 16, 23 20, 26 19] || newLoc: 20 16
1375 DEBUG [main]                               GebiBot     - orders-keys: [28 19, 35 10, 20 16, 38 24, 29 19, 21 16, 23 20, 26 19] || newLoc: 23 19
1376 DEBUG [main]                               GebiBot     - orders-keys: [28 19, 35 10, 20 16, 38 24, 29 19, 21 16, 23 20, 23 19, 26 19] || newLoc: 25 19
1376 DEBUG [main]                               GebiBot     - orders-keys: [28 19, 35 10, 20 16, 38 24, 29 19, 21 16, 23 20, 23 19, 25 19, 26 19] || newLoc: 30 19
1376 DEBUG [main]                               GebiBot     - orders-keys: [28 19, 35 10, 20 16, 38 24, 29 19, 21 16, 30 19, 23 20, 23 19, 25 19, 26 19] || newLoc: 39 24
1377 DEBUG [main]                               GebiBot     - orders-keys: [28 19] || newLoc: 35 12
1417 DEBUG [main]                               GebiBot     - orders-keys: [28 19, 35 12] || newLoc: 35 9
1418 DEBUG [main]                               GebiBot     - orders-keys: [35 9, 28 19, 35 12] || newLoc: 35 11
1419 DEBUG [main]                               GebiBot     - orders-keys: [35 9, 28 19, 35 11, 35 12] || newLoc: 19 16
1419 DEBUG [main]                               GebiBot     - orders-keys: [35 9, 28 19, 35 11, 35 12, 19 16] || newLoc: 24 19
1420 DEBUG [main]                               GebiBot     - orders-keys: [35 9, 28 19, 35 11, 35 12, 24 19, 19 16] || newLoc: 31 19
1421 DEBUG [main]                               GebiBot     - orders-keys: [35 9, 28 19, 35 11, 35 12, 31 19, 24 19, 19 16] || newLoc: 40 24
1422 DEBUG [main]                               GebiBot     - orders-keys: [28 19] || newLoc: 24 19
1479 DEBUG [main]                               GebiBot     - orders-keys: [28 19, 24 19] || newLoc: 35 8
1480 DEBUG [main]                               GebiBot     - orders-keys: [35 8, 28 19, 24 19] || newLoc: 35 10
1480 DEBUG [main]                               GebiBot     - orders-keys: [35 8, 28 19, 35 10, 24 19] || newLoc: 18 16
1481 DEBUG [main]                               GebiBot     - orders-keys: [35 8, 28 19, 35 10, 24 19, 18 16] || newLoc: 32 19
1481 DEBUG [main]                               GebiBot     - orders-keys: [35 8, 28 19, 35 10, 24 19, 32 19, 18 16] || newLoc: 41 24
1523 DEBUG [main]                               GebiBot     - orders-keys: [28 19] || newLoc: 35 7
1524 DEBUG [main]                               GebiBot     - orders-keys: [28 19, 35 7] || newLoc: 35 9
1524 DEBUG [main]                               GebiBot     - orders-keys: [35 9, 28 19, 35 7] || newLoc: 17 16
1524 DEBUG [main]                               GebiBot     - orders-keys: [35 9, 28 19, 35 7, 17 16] || newLoc: 33 19
1525 DEBUG [main]                               GebiBot     - orders-keys: [35 9, 28 19, 35 7, 33 19, 17 16] || newLoc: 42 24
1559 DEBUG [main]                               GebiBot     - orders-keys: [28 19] || newLoc: 35 6
1560 DEBUG [main]                               GebiBot     - orders-keys: [28 19, 35 6] || newLoc: 35 8
1560 DEBUG [main]                               GebiBot     - orders-keys: [35 8, 28 19, 35 6] || newLoc: 34 19
1560 DEBUG [main]                               GebiBot     - orders-keys: [35 8, 28 19, 35 6, 34 19] || newLoc: 0 24
1587 DEBUG [main]                               GebiBot     - orders-keys: [28 19] || newLoc: 35 5
1588 DEBUG [main]                               GebiBot     - orders-keys: [28 19, 35 5] || newLoc: 35 7
1588 DEBUG [main]                               GebiBot     - orders-keys: [28 19, 35 5, 35 7] || newLoc: 35 19
1588 DEBUG [main]                               GebiBot     - orders-keys: [28 19, 35 5, 35 7, 35 19] || newLoc: 1 24
1617 DEBUG [main]                               GebiBot     - orders-keys: [28 19] || newLoc: 35 6
1617 DEBUG [main]                               GebiBot     - orders-keys: [28 19, 35 6] || newLoc: 35 18
1617 DEBUG [main]                               GebiBot     - orders-keys: [28 19, 35 6, 35 18] || newLoc: 2 24
1618 DEBUG [main]                               GebiBot     - orders-keys: [28 19] || newLoc: 29 19
1618 DEBUG [main]                               GebiBot     - orders-keys: [28 19, 29 19] || newLoc: 36 5
1640 DEBUG [main]                               GebiBot     - orders-keys: [28 19, 29 19, 36 5] || newLoc: 37 5
1641 DEBUG [main]                               GebiBot     - orders-keys: [28 19, 29 19, 36 5, 37 5] || newLoc: 35 5
1641 DEBUG [main]                               GebiBot     - orders-keys: [28 19, 29 19, 35 5, 36 5, 37 5] || newLoc: 35 17
1642 DEBUG [main]                               GebiBot     - orders-keys: [28 19, 29 19, 35 5, 36 5, 37 5, 35 17] || newLoc: 3 24
1642 DEBUG [main]                               GebiBot     - orders-keys: [28 19, 29 19, 35 5, 36 5, 3 24, 37 5, 35 17] || newLoc: 30 19
1671 DEBUG [main]                               GebiBot     - orders-keys: [28 19] || newLoc: 38 5
1671 DEBUG [main]                               GebiBot     - orders-keys: [28 19, 38 5] || newLoc: 35 16
1672 DEBUG [main]                               GebiBot     - orders-keys: [28 19, 35 16, 38 5] || newLoc: 4 24
1672 DEBUG [main]                               GebiBot     - orders-keys: [28 19, 4 24, 35 16, 38 5] || newLoc: 31 19
1673 DEBUG [main]                               GebiBot     - orders-keys: [28 19] || newLoc: 36 5
1703 DEBUG [main]                               GebiBot     - orders-keys: [28 19, 36 5] || newLoc: 39 5
1704 DEBUG [main]                               GebiBot     - orders-keys: [28 19, 36 5, 39 5] || newLoc: 37 5
1704 DEBUG [main]                               GebiBot     - orders-keys: [28 19, 36 5, 37 5, 39 5] || newLoc: 35 15
1705 DEBUG [main]                               GebiBot     - orders-keys: [28 19, 35 15, 36 5, 37 5, 39 5] || newLoc: 5 24
1705 DEBUG [main]                               GebiBot     - orders-keys: [28 19, 35 15, 5 24, 36 5, 37 5, 39 5] || newLoc: 32 19
1741 DEBUG [main]                               GebiBot     - orders-keys: [28 19] || newLoc: 40 5
1742 DEBUG [main]                               GebiBot     - orders-keys: [40 5, 28 19] || newLoc: 38 5
1743 DEBUG [main]                               GebiBot     - orders-keys: [40 5, 28 19, 38 5] || newLoc: 35 14
1744 DEBUG [main]                               GebiBot     - orders-keys: [40 5, 28 19, 35 14, 38 5] || newLoc: 6 24
1745 DEBUG [main]                               GebiBot     - orders-keys: [40 5, 6 24, 28 19, 35 14, 38 5] || newLoc: 33 19
1780 DEBUG [main]                               GebiBot     - orders-keys: [28 19] || newLoc: 41 5
1781 DEBUG [main]                               GebiBot     - orders-keys: [28 19, 41 5] || newLoc: 39 5
1781 DEBUG [main]                               GebiBot     - orders-keys: [28 19, 41 5, 39 5] || newLoc: 35 13
1782 DEBUG [main]                               GebiBot     - orders-keys: [28 19, 41 5, 35 13, 39 5] || newLoc: 7 24
1782 DEBUG [main]                               GebiBot     - orders-keys: [28 19, 41 5, 7 24, 35 13, 39 5] || newLoc: 34 19
1813 DEBUG [main]                               GebiBot     - orders-keys: [28 19] || newLoc: 42 5
1814 DEBUG [main]                               GebiBot     - orders-keys: [28 19, 42 5] || newLoc: 40 5
1814 DEBUG [main]                               GebiBot     - orders-keys: [40 5, 28 19, 42 5] || newLoc: 35 12
1814 DEBUG [main]                               GebiBot     - orders-keys: [40 5, 28 19, 35 12, 42 5] || newLoc: 8 24
1815 DEBUG [main]                               GebiBot     - orders-keys: [40 5, 28 19, 35 12, 42 5, 8 24] || newLoc: 35 19
1845 DEBUG [main]                               GebiBot     - orders-keys: [28 19] || newLoc: 0 5
1845 DEBUG [main]                               GebiBot     - orders-keys: [28 19, 0 5] || newLoc: 41 5
1845 DEBUG [main]                               GebiBot     - orders-keys: [28 19, 41 5, 0 5] || newLoc: 35 11
1846 DEBUG [main]                               GebiBot     - orders-keys: [28 19, 35 11, 41 5, 0 5] || newLoc: 9 24
1846 DEBUG [main]                               GebiBot     - orders-keys: [28 19, 35 11, 41 5, 0 5, 9 24] || newLoc: 36 19
1847 DEBUG [main]                               GebiBot     - orders-keys: [28 19] || newLoc: 29 19
1876 DEBUG [main]                               GebiBot     - orders-keys: [28 19, 29 19] || newLoc: 1 5
1877 DEBUG [main]                               GebiBot     - orders-keys: [1 5, 28 19, 29 19] || newLoc: 42 5
1877 DEBUG [main]                               GebiBot     - orders-keys: [1 5, 28 19, 29 19, 42 5] || newLoc: 35 10
1877 DEBUG [main]                               GebiBot     - orders-keys: [1 5, 28 19, 35 10, 29 19, 42 5] || newLoc: 10 24
1878 DEBUG [main]                               GebiBot     - orders-keys: [1 5, 28 19, 35 10, 29 19, 42 5, 10 24] || newLoc: 37 19
1878 DEBUG [main]                               GebiBot     - orders-keys: [1 5, 28 19, 37 19, 35 10, 29 19, 42 5, 10 24] || newLoc: 30 19
1916 DEBUG [main]                               GebiBot     - orders-keys: [28 19] || newLoc: 2 5
1917 DEBUG [main]                               GebiBot     - orders-keys: [28 19, 2 5] || newLoc: 0 5
1917 DEBUG [main]                               GebiBot     - orders-keys: [28 19, 0 5, 2 5] || newLoc: 35 9
1918 DEBUG [main]                               GebiBot     - orders-keys: [35 9, 28 19, 0 5, 2 5] || newLoc: 11 24
1918 DEBUG [main]                               GebiBot     - orders-keys: [35 9, 28 19, 0 5, 2 5, 11 24] || newLoc: 38 19
1918 DEBUG [main]                               GebiBot     - orders-keys: [35 9, 28 19, 0 5, 2 5, 38 19, 11 24] || newLoc: 31 19
1954 DEBUG [main]                               GebiBot     - orders-keys: [28 19] || newLoc: 3 5
1954 DEBUG [main]                               GebiBot     - orders-keys: [28 19, 3 5] || newLoc: 1 5
1955 DEBUG [main]                               GebiBot     - orders-keys: [1 5, 28 19, 3 5] || newLoc: 35 8
1955 DEBUG [main]                               GebiBot     - orders-keys: [35 8, 1 5, 28 19, 3 5] || newLoc: 12 24
1955 DEBUG [main]                               GebiBot     - orders-keys: [35 8, 1 5, 28 19, 12 24, 3 5] || newLoc: 39 19
1956 DEBUG [main]                               GebiBot     - orders-keys: [35 8, 1 5, 28 19, 12 24, 3 5, 39 19] || newLoc: 32 19
1986 DEBUG [main]                               GebiBot     - orders-keys: [28 19] || newLoc: 4 5
1986 DEBUG [main]                               GebiBot     - orders-keys: [28 19, 4 5] || newLoc: 2 5
1987 DEBUG [main]                               GebiBot     - orders-keys: [28 19, 2 5, 4 5] || newLoc: 35 7
1987 DEBUG [main]                               GebiBot     - orders-keys: [28 19, 2 5, 35 7, 4 5] || newLoc: 13 24
1988 DEBUG [main]                               GebiBot     - orders-keys: [28 19, 13 24, 2 5, 35 7, 4 5] || newLoc: 40 19
1988 DEBUG [main]                               GebiBot     - orders-keys: [28 19, 13 24, 2 5, 35 7, 4 5, 40 19] || newLoc: 33 19
2022 DEBUG [main]                               GebiBot     - orders-keys: [28 19] || newLoc: 5 5
2022 DEBUG [main]                               GebiBot     - orders-keys: [28 19, 5 5] || newLoc: 3 5
2022 DEBUG [main]                               GebiBot     - orders-keys: [28 19, 3 5, 5 5] || newLoc: 35 6
2023 DEBUG [main]                               GebiBot     - orders-keys: [28 19, 3 5, 35 6, 5 5] || newLoc: 14 24
2023 DEBUG [main]                               GebiBot     - orders-keys: [14 24, 28 19, 3 5, 35 6, 5 5] || newLoc: 41 19
2023 DEBUG [main]                               GebiBot     - orders-keys: [14 24, 28 19, 3 5, 35 6, 5 5, 41 19] || newLoc: 34 19
2056 DEBUG [main]                               GebiBot     - orders-keys: [28 19] || newLoc: 6 5
2057 DEBUG [main]                               GebiBot     - orders-keys: [28 19, 6 5] || newLoc: 4 5
2057 DEBUG [main]                               GebiBot     - orders-keys: [28 19, 4 5, 6 5] || newLoc: 35 5
2058 DEBUG [main]                               GebiBot     - orders-keys: [28 19, 35 5, 4 5, 6 5] || newLoc: 14 23
2058 DEBUG [main]                               GebiBot     - orders-keys: [28 19, 35 5, 14 23, 4 5, 6 5] || newLoc: 41 20
2058 DEBUG [main]                               GebiBot     - orders-keys: [28 19, 35 5, 14 23, 41 20, 4 5, 6 5] || newLoc: 35 19
2081 DEBUG [main]                               GebiBot     - orders-keys: [28 19] || newLoc: 7 5
2081 DEBUG [main]                               GebiBot     - orders-keys: [28 19, 7 5] || newLoc: 5 5
2081 DEBUG [main]                               GebiBot     - orders-keys: [28 19, 5 5, 7 5] || newLoc: 41 21
2082 DEBUG [main]                               GebiBot     - orders-keys: [28 19, 5 5, 41 21, 7 5] || newLoc: 36 19
2082 DEBUG [main]                               GebiBot     - orders-keys: [28 19] || newLoc: 36 5
2111 DEBUG [main]                               GebiBot     - orders-keys: [28 19, 36 5] || newLoc: 8 5
2111 DEBUG [main]                               GebiBot     - orders-keys: [28 19, 8 5, 36 5] || newLoc: 6 5
2111 DEBUG [main]                               GebiBot     - orders-keys: [28 19, 8 5, 36 5, 6 5] || newLoc: 37 5
2112 DEBUG [main]                               GebiBot     - orders-keys: [28 19, 8 5, 36 5, 37 5, 6 5] || newLoc: 41 22
2112 DEBUG [main]                               GebiBot     - orders-keys: [28 19, 8 5, 36 5, 37 5, 41 22, 6 5] || newLoc: 37 19
2112 DEBUG [main]                               GebiBot     - orders-keys: [28 19] || newLoc: 27 19
2142 DEBUG [main]                               GebiBot     - orders-keys: [28 19, 27 19] || newLoc: 9 5
2142 DEBUG [main]                               GebiBot     - orders-keys: [9 5, 28 19, 27 19] || newLoc: 7 5
2142 DEBUG [main]                               GebiBot     - orders-keys: [9 5, 28 19, 7 5, 27 19] || newLoc: 38 5
2144 DEBUG [main]                               GebiBot     - orders-keys: [9 5, 28 19, 38 5, 7 5, 27 19] || newLoc: 41 23
2144 DEBUG [main]                               GebiBot     - orders-keys: [9 5, 28 19, 41 23, 38 5, 7 5, 27 19] || newLoc: 38 19
2145 DEBUG [main]                               GebiBot     - orders-keys: [9 5, 28 19, 38 19, 41 23, 38 5, 7 5, 27 19] || newLoc: 26 19
2165 DEBUG [main]                               GebiBot     - orders-keys: [28 19] || newLoc: 10 5
2165 DEBUG [main]                               GebiBot     - orders-keys: [28 19, 10 5] || newLoc: 39 5
2165 DEBUG [main]                               GebiBot     - orders-keys: [28 19, 10 5, 39 5] || newLoc: 42 23
2166 DEBUG [main]                               GebiBot     - orders-keys: [28 19, 10 5, 42 23, 39 5] || newLoc: 39 19
2166 DEBUG [main]                               GebiBot     - orders-keys: [28 19, 39 19, 10 5, 42 23, 39 5] || newLoc: 25 19
2167 DEBUG [main]                               GebiBot     - orders-keys: [28 19] || newLoc: 8 5
2196 DEBUG [main]                               GebiBot     - orders-keys: [28 19, 8 5] || newLoc: 11 5
2196 DEBUG [main]                               GebiBot     - orders-keys: [28 19, 8 5, 11 5] || newLoc: 9 5
2197 DEBUG [main]                               GebiBot     - orders-keys: [9 5, 28 19, 8 5, 11 5] || newLoc: 40 5
2197 DEBUG [main]                               GebiBot     - orders-keys: [40 5, 9 5, 28 19, 8 5, 11 5] || newLoc: 0 23
2197 DEBUG [main]                               GebiBot     - orders-keys: [40 5, 9 5, 28 19, 8 5, 11 5, 0 23] || newLoc: 40 19
2198 DEBUG [main]                               GebiBot     - orders-keys: [40 5, 9 5, 28 19, 8 5, 11 5, 0 23, 40 19] || newLoc: 24 19
2226 DEBUG [main]                               GebiBot     - orders-keys: [28 19] || newLoc: 12 5
2227 DEBUG [main]                               GebiBot     - orders-keys: [28 19, 12 5] || newLoc: 10 5
2227 DEBUG [main]                               GebiBot     - orders-keys: [28 19, 10 5, 12 5] || newLoc: 41 5
2227 DEBUG [main]                               GebiBot     - orders-keys: [28 19, 41 5, 10 5, 12 5] || newLoc: 1 23
2228 DEBUG [main]                               GebiBot     - orders-keys: [28 19, 41 5, 10 5, 1 23, 12 5] || newLoc: 41 19
2228 DEBUG [main]                               GebiBot     - orders-keys: [28 19, 41 5, 10 5, 1 23, 41 19, 12 5] || newLoc: 23 19
2248 DEBUG [main]                               GebiBot     - orders-keys: [28 19] || newLoc: 13 5
2248 DEBUG [main]                               GebiBot     - orders-keys: [28 19, 13 5] || newLoc: 11 5
2249 DEBUG [main]                               GebiBot     - orders-keys: [28 19, 11 5, 13 5] || newLoc: 42 5
2249 DEBUG [main]                               GebiBot     - orders-keys: [28 19, 42 5, 11 5, 13 5] || newLoc: 2 23
2249 DEBUG [main]                               GebiBot     - orders-keys: [28 19, 42 5, 11 5, 13 5, 2 23] || newLoc: 41 18
2250 DEBUG [main]                               GebiBot     - orders-keys: [28 19] || newLoc: 23 20
2250 DEBUG [main]                               GebiBot     - orders-keys: [28 19, 23 20] || newLoc: 24 19
2250 DEBUG [main]                               GebiBot     - orders-keys: [28 19, 23 20, 24 19] || newLoc: 23 18
2281 DEBUG [main]                               GebiBot     - orders-keys: [28 19, 23 20, 23 18, 24 19] || newLoc: 14 5
2281 DEBUG [main]                               GebiBot     - orders-keys: [28 19, 23 20, 23 18, 24 19, 14 5] || newLoc: 12 5
2281 DEBUG [main]                               GebiBot     - orders-keys: [28 19, 23 20, 23 18, 24 19, 12 5, 14 5] || newLoc: 0 5
2282 DEBUG [main]                               GebiBot     - orders-keys: [28 19, 0 5, 23 20, 23 18, 24 19, 12 5, 14 5] || newLoc: 3 23
2282 DEBUG [main]                               GebiBot     - orders-keys: [28 19, 0 5, 23 20, 23 18, 24 19, 12 5, 3 23, 14 5] || newLoc: 41 17
2282 DEBUG [main]                               GebiBot     - orders-keys: [28 19] || newLoc: 23 19
2304 DEBUG [main]                               GebiBot     - orders-keys: [28 19, 23 19] || newLoc: 14 6
2304 DEBUG [main]                               GebiBot     - orders-keys: [28 19, 23 19, 14 6] || newLoc: 13 5
2304 DEBUG [main]                               GebiBot     - orders-keys: [28 19, 23 19, 13 5, 14 6] || newLoc: 1 5
2305 DEBUG [main]                               GebiBot     - orders-keys: [1 5, 28 19, 23 19, 13 5, 14 6] || newLoc: 4 23
2305 DEBUG [main]                               GebiBot     - orders-keys: [1 5, 28 19, 4 23, 23 19, 13 5, 14 6] || newLoc: 41 16
2305 DEBUG [main]                               GebiBot     - orders-keys: [1 5, 28 19, 4 23, 23 19, 41 16, 13 5, 14 6] || newLoc: 23 18
2332 DEBUG [main]                               GebiBot     - orders-keys: [28 19] || newLoc: 14 7
2332 DEBUG [main]                               GebiBot     - orders-keys: [28 19, 14 7] || newLoc: 14 5
2333 DEBUG [main]                               GebiBot     - orders-keys: [28 19, 14 5, 14 7] || newLoc: 2 5
2333 DEBUG [main]                               GebiBot     - orders-keys: [28 19, 2 5, 14 5, 14 7] || newLoc: 5 23
2333 DEBUG [main]                               GebiBot     - orders-keys: [28 19, 5 23, 2 5, 14 5, 14 7] || newLoc: 41 15
2334 DEBUG [main]                               GebiBot     - orders-keys: [28 19] || newLoc: 23 19
2353 DEBUG [main]                               GebiBot     - orders-keys: [28 19, 23 19] || newLoc: 14 8
2353 DEBUG [main]                               GebiBot     - orders-keys: [28 19, 23 19, 14 8] || newLoc: 14 6
2354 DEBUG [main]                               GebiBot     - orders-keys: [28 19, 23 19, 14 8, 14 6] || newLoc: 3 5
2354 DEBUG [main]                               GebiBot     - orders-keys: [28 19, 3 5, 23 19, 14 8, 14 6] || newLoc: 42 15
2354 DEBUG [main]                               GebiBot     - orders-keys: [28 19] || newLoc: 23 18
2374 DEBUG [main]                               GebiBot     - orders-keys: [28 19, 23 18] || newLoc: 14 9
2374 DEBUG [main]                               GebiBot     - orders-keys: [28 19, 23 18, 14 9] || newLoc: 14 7
2375 DEBUG [main]                               GebiBot     - orders-keys: [28 19, 23 18, 14 9, 14 7] || newLoc: 4 5
2375 DEBUG [main]                               GebiBot     - orders-keys: [28 19, 23 18, 14 9, 4 5, 14 7] || newLoc: 0 15
2376 DEBUG [main]                               GebiBot     - orders-keys: [28 19] || newLoc: 23 19
2396 DEBUG [main]                               GebiBot     - orders-keys: [28 19, 23 19] || newLoc: 14 10
2398 DEBUG [main]                               GebiBot     - orders-keys: [28 19, 23 19, 14 10] || newLoc: 14 8
2398 DEBUG [main]                               GebiBot     - orders-keys: [28 19, 23 19, 14 8, 14 10] || newLoc: 5 5
2398 DEBUG [main]                               GebiBot     - orders-keys: [28 19, 23 19, 5 5, 14 8, 14 10] || newLoc: 1 15
2399 DEBUG [main]                               GebiBot     - orders-keys: [28 19] || newLoc: 23 18
2417 DEBUG [main]                               GebiBot     - orders-keys: [28 19, 23 18] || newLoc: 14 11
2417 DEBUG [main]                               GebiBot     - orders-keys: [28 19, 23 18, 14 11] || newLoc: 14 9
2418 DEBUG [main]                               GebiBot     - orders-keys: [28 19, 23 18, 14 9, 14 11] || newLoc: 6 5
2418 DEBUG [main]                               GebiBot     - orders-keys: [28 19, 23 18, 14 9, 14 11, 6 5] || newLoc: 2 15
2418 DEBUG [main]                               GebiBot     - orders-keys: [28 19] || newLoc: 23 19
2447 DEBUG [main]                               GebiBot     - orders-keys: [28 19, 23 19] || newLoc: 14 12
2447 DEBUG [main]                               GebiBot     - orders-keys: [28 19, 23 19, 14 12] || newLoc: 14 10
2447 DEBUG [main]                               GebiBot     - orders-keys: [28 19, 23 19, 14 10, 14 12] || newLoc: 7 5
2448 DEBUG [main]                               GebiBot     - orders-keys: [28 19, 23 19, 14 10, 14 12, 7 5] || newLoc: 3 15
2448 DEBUG [main]                               GebiBot     - orders-keys: [28 19] || newLoc: 23 18
2467 DEBUG [main]                               GebiBot     - orders-keys: [28 19, 23 18] || newLoc: 14 11
2467 DEBUG [main]                               GebiBot     - orders-keys: [28 19, 23 18, 14 11] || newLoc: 8 5
2468 DEBUG [main]                               GebiBot     - orders-keys: [28 19, 8 5, 23 18, 14 11] || newLoc: 4 15
2468 DEBUG [main]                               GebiBot     - orders-keys: [28 19] || newLoc: 23 19
2486 DEBUG [main]                               GebiBot     - orders-keys: [28 19, 23 19] || newLoc: 14 12
2486 DEBUG [main]                               GebiBot     - orders-keys: [28 19, 23 19, 14 12] || newLoc: 9 5
2486 DEBUG [main]                               GebiBot     - orders-keys: [9 5, 28 19, 23 19, 14 12] || newLoc: 5 15
2487 DEBUG [main]                               GebiBot     - orders-keys: [28 19] || newLoc: 23 20
2487 DEBUG [main]                               GebiBot     - orders-keys: [28 19, 23 20] || newLoc: 24 19
2487 DEBUG [main]                               GebiBot     - orders-keys: [28 19, 23 20, 24 19] || newLoc: 23 18
2511 DEBUG [main]                               GebiBot     - orders-keys: [28 19, 23 20, 23 18, 24 19] || newLoc: 14 13
2512 DEBUG [main]                               GebiBot     - orders-keys: [28 19, 23 20, 23 18, 24 19, 14 13] || newLoc: 10 5
2512 DEBUG [main]                               GebiBot     - orders-keys: [28 19, 23 20, 10 5, 23 18, 24 19, 14 13] || newLoc: 6 15
2513 DEBUG [main]                               GebiBot     - orders-keys: [28 19] || newLoc: 23 19
2536 DEBUG [main]                               GebiBot     - orders-keys: [28 19, 23 19] || newLoc: 14 14
2536 DEBUG [main]                               GebiBot     - orders-keys: [28 19, 23 19, 14 14] || newLoc: 11 5
2537 DEBUG [main]                               GebiBot     - orders-keys: [28 19, 11 5, 23 19, 14 14] || newLoc: 7 15
2537 DEBUG [main]                               GebiBot     - orders-keys: [28 19] || newLoc: 23 20
2538 DEBUG [main]                               GebiBot     - orders-keys: [28 19, 23 20] || newLoc: 24 19
2538 DEBUG [main]                               GebiBot     - orders-keys: [28 19, 23 20, 24 19] || newLoc: 23 18
2556 DEBUG [main]                               GebiBot     - orders-keys: [28 19, 23 20, 23 18, 24 19] || newLoc: 12 5
2556 DEBUG [main]                               GebiBot     - orders-keys: [28 19] || newLoc: 23 19
2572 DEBUG [main]                               GebiBot     - orders-keys: [28 19, 23 19] || newLoc: 13 5
2572 DEBUG [main]                               GebiBot     - orders-keys: [28 19] || newLoc: 23 20
2573 DEBUG [main]                               GebiBot     - orders-keys: [28 19, 23 20] || newLoc: 24 19
2573 DEBUG [main]                               GebiBot     - orders-keys: [28 19, 23 20, 24 19] || newLoc: 23 18
2591 DEBUG [main]                               GebiBot     - orders-keys: [28 19, 23 20, 23 18, 24 19] || newLoc: 14 5
2591 DEBUG [main]                               GebiBot     - orders-keys: [28 19] || newLoc: 23 19
2608 DEBUG [main]                               GebiBot     - orders-keys: [28 19, 23 19] || newLoc: 14 6
2609 DEBUG [main]                               GebiBot     - orders-keys: [28 19, 23 19, 14 6] || newLoc: 23 18
0    ERROR [main]                               GebiBot     - Test
201  DEBUG [main]                               GebiBot     - orders-keys: [28 19] || newLoc: 27 19
201  DEBUG [main]                               GebiBot     - orders-keys: [28 19, 27 19] || newLoc: 28 18
202  DEBUG [main]                               GebiBot     - orders-keys: [28 18, 28 19, 27 19] || newLoc: 28 20
202  DEBUG [main]                               GebiBot     - orders-keys: [28 18, 28 19, 28 20, 27 19] || newLoc: 29 19
249  DEBUG [main]                               GebiBot     - orders-keys: [28 19] || newLoc: 27 18
250  DEBUG [main]                               GebiBot     - orders-keys: [28 19, 27 18] || newLoc: 27 20
286  DEBUG [main]                               GebiBot     - orders-keys: [28 19] || newLoc: 28 18
287  DEBUG [main]                               GebiBot     - orders-keys: [28 18, 28 19] || newLoc: 28 20
287  DEBUG [main]                               GebiBot     - orders-keys: [28 18, 28 19, 28 20] || newLoc: 29 19
322  DEBUG [main]                               GebiBot     - orders-keys: [28 18, 28 19, 29 19, 28 20] || newLoc: 28 17
324  DEBUG [main]                               GebiBot     - orders-keys: [28 19] || newLoc: 29 20
324  DEBUG [main]                               GebiBot     - orders-keys: [28 19, 29 20] || newLoc: 28 21
366  DEBUG [main]                               GebiBot     - orders-keys: [28 19] || newLoc: 30 20
367  DEBUG [main]                               GebiBot     - orders-keys: [28 19, 30 20] || newLoc: 29 21
368  DEBUG [main]                               GebiBot     - orders-keys: [28 19, 29 21, 30 20] || newLoc: 29 17
393  DEBUG [main]                               GebiBot     - orders-keys: [28 19, 29 21, 29 17, 30 20] || newLoc: 29 19
394  DEBUG [main]                               GebiBot     - orders-keys: [28 19, 29 21, 29 19, 29 17, 30 20] || newLoc: 27 19
395  DEBUG [main]                               GebiBot     - orders-keys: [28 19, 29 21, 29 19, 29 17, 27 19, 30 20] || newLoc: 28 20
396  DEBUG [main]                               GebiBot     - orders-keys: [28 19, 29 21, 29 19, 28 20, 29 17, 27 19, 30 20] || newLoc: 28 18
471  DEBUG [main]                               GebiBot     - orders-keys: [28 18, 28 19, 29 21, 29 19, 28 20, 29 17, 27 19, 30 20] || newLoc: 30 17
473  DEBUG [main]                               GebiBot     - orders-keys: [28 19] || newLoc: 31 20
474  DEBUG [main]                               GebiBot     - orders-keys: [28 19, 31 20] || newLoc: 30 21
475  DEBUG [main]                               GebiBot     - orders-keys: [28 19, 31 20, 30 21] || newLoc: 30 19
493  DEBUG [main]                               GebiBot     - orders-keys: [28 19, 30 19, 31 20, 30 21] || newLoc: 27 19
494  DEBUG [main]                               GebiBot     - orders-keys: [28 19, 30 19, 31 20, 27 19, 30 21] || newLoc: 28 20
495  DEBUG [main]                               GebiBot     - orders-keys: [28 19, 28 20, 30 19, 31 20, 27 19, 30 21] || newLoc: 28 18
572  DEBUG [main]                               GebiBot     - orders-keys: [28 18, 28 19, 28 20, 30 19, 31 20, 27 19, 30 21] || newLoc: 31 17
573  DEBUG [main]                               GebiBot     - orders-keys: [28 18, 28 19, 28 20, 30 19, 31 20, 27 19, 31 17, 30 21] || newLoc: 31 19
575  DEBUG [main]                               GebiBot     - orders-keys: [28 19] || newLoc: 32 20
576  DEBUG [main]                               GebiBot     - orders-keys: [32 20, 28 19] || newLoc: 31 21
577  DEBUG [main]                               GebiBot     - orders-keys: [32 20, 28 19, 31 21] || newLoc: 31 19
592  DEBUG [main]                               GebiBot     - orders-keys: [32 20, 28 19, 31 21, 31 19] || newLoc: 26 19
593  DEBUG [main]                               GebiBot     - orders-keys: [32 20, 28 19, 26 19, 31 21, 31 19] || newLoc: 27 18
594  DEBUG [main]                               GebiBot     - orders-keys: [32 20, 28 19, 26 19, 31 21, 27 18, 31 19] || newLoc: 27 20
665  DEBUG [main]                               GebiBot     - orders-keys: [32 20, 28 19, 26 19, 27 20, 31 21, 27 18, 31 19] || newLoc: 32 17
666  DEBUG [main]                               GebiBot     - orders-keys: [32 20, 28 19, 32 17, 26 19, 27 20, 31 21, 27 18, 31 19] || newLoc: 32 19
668  DEBUG [main]                               GebiBot     - orders-keys: [28 19] || newLoc: 33 20
668  DEBUG [main]                               GebiBot     - orders-keys: [28 19, 33 20] || newLoc: 32 21
669  DEBUG [main]                               GebiBot     - orders-keys: [32 21, 28 19, 33 20] || newLoc: 32 19
679  DEBUG [main]                               GebiBot     - orders-keys: [32 21, 28 19, 33 20, 32 19] || newLoc: 25 19
680  DEBUG [main]                               GebiBot     - orders-keys: [32 21, 28 19, 25 19, 33 20, 32 19] || newLoc: 26 20
681  DEBUG [main]                               GebiBot     - orders-keys: [32 21, 28 19, 25 19, 33 20, 32 19, 26 20] || newLoc: 26 18
682  DEBUG [main]                               GebiBot     - orders-keys: [32 21, 28 19, 25 19, 33 20, 32 19, 26 18, 26 20] || newLoc: 27 19
747  DEBUG [main]                               GebiBot     - orders-keys: [32 21, 28 19, 25 19, 33 20, 32 19, 26 18, 27 19, 26 20] || newLoc: 33 17
748  DEBUG [main]                               GebiBot     - orders-keys: [33 17, 32 21, 28 19, 25 19, 33 20, 32 19, 26 18, 27 19, 26 20] || newLoc: 33 19
750  DEBUG [main]                               GebiBot     - orders-keys: [28 19] || newLoc: 34 20
751  DEBUG [main]                               GebiBot     - orders-keys: [28 19, 34 20] || newLoc: 33 21
752  DEBUG [main]                               GebiBot     - orders-keys: [28 19, 33 21, 34 20] || newLoc: 33 19
762  DEBUG [main]                               GebiBot     - orders-keys: [28 19, 33 19, 33 21, 34 20] || newLoc: 24 19
763  DEBUG [main]                               GebiBot     - orders-keys: [24 19, 28 19, 33 19, 33 21, 34 20] || newLoc: 25 20
764  DEBUG [main]                               GebiBot     - orders-keys: [24 19, 28 19, 25 20, 33 19, 33 21, 34 20] || newLoc: 25 18
766  DEBUG [main]                               GebiBot     - orders-keys: [24 19, 28 19, 25 20, 33 19, 25 18, 33 21, 34 20] || newLoc: 26 19
865  DEBUG [main]                               GebiBot     - orders-keys: [24 19, 28 19, 25 20, 33 19, 25 18, 33 21, 26 19, 34 20] || newLoc: 34 17
866  DEBUG [main]                               GebiBot     - orders-keys: [24 19, 28 19, 25 20, 33 19, 25 18, 33 21, 26 19, 34 20, 34 17] || newLoc: 34 19
868  DEBUG [main]                               GebiBot     - orders-keys: [28 19] || newLoc: 35 20
869  DEBUG [main]                               GebiBot     - orders-keys: [28 19, 35 20] || newLoc: 34 21
869  DEBUG [main]                               GebiBot     - orders-keys: [28 19, 34 21, 35 20] || newLoc: 34 19
876  DEBUG [main]                               GebiBot     - orders-keys: [28 19, 34 21, 35 20, 34 19] || newLoc: 23 19
877  DEBUG [main]                               GebiBot     - orders-keys: [28 19, 34 21, 23 19, 35 20, 34 19] || newLoc: 24 20
878  DEBUG [main]                               GebiBot     - orders-keys: [28 19, 24 20, 34 21, 23 19, 35 20, 34 19] || newLoc: 24 18
879  DEBUG [main]                               GebiBot     - orders-keys: [24 18, 28 19, 24 20, 34 21, 23 19, 35 20, 34 19] || newLoc: 25 19
949  DEBUG [main]                               GebiBot     - orders-keys: [24 18, 28 19, 25 19, 24 20, 34 21, 23 19, 35 20, 34 19] || newLoc: 35 17
950  DEBUG [main]                               GebiBot     - orders-keys: [24 18, 28 19, 25 19, 24 20, 35 17, 34 21, 23 19, 35 20, 34 19] || newLoc: 35 19
951  DEBUG [main]                               GebiBot     - orders-keys: [28 19] || newLoc: 35 21
951  DEBUG [main]                               GebiBot     - orders-keys: [28 19, 35 21] || newLoc: 35 19
955  DEBUG [main]                               GebiBot     - orders-keys: [28 19, 35 19, 35 21] || newLoc: 23 18
956  DEBUG [main]                               GebiBot     - orders-keys: [28 19, 35 19, 35 21, 23 18] || newLoc: 23 20
957  DEBUG [main]                               GebiBot     - orders-keys: [28 19, 35 19, 23 20, 35 21, 23 18] || newLoc: 24 19
1006 DEBUG [main]                               GebiBot     - orders-keys: [24 19, 28 19, 35 19, 23 20, 35 21, 23 18] || newLoc: 35 16
1006 DEBUG [main]                               GebiBot     - orders-keys: [24 19, 28 19, 35 16, 35 19, 23 20, 35 21, 23 18] || newLoc: 35 18
1007 DEBUG [main]                               GebiBot     - orders-keys: [28 19] || newLoc: 35 22
1008 DEBUG [main]                               GebiBot     - orders-keys: [28 19, 35 22] || newLoc: 35 20
1012 DEBUG [main]                               GebiBot     - orders-keys: [28 19, 35 20, 35 22] || newLoc: 24 18
1012 DEBUG [main]                               GebiBot     - orders-keys: [24 18, 28 19, 35 20, 35 22] || newLoc: 23 19
1026 DEBUG [main]                               GebiBot     - orders-keys: [24 18, 28 19, 23 19, 35 20, 35 22] || newLoc: 27 19
1026 DEBUG [main]                               GebiBot     - orders-keys: [24 18, 28 19, 23 19, 27 19, 35 20, 35 22] || newLoc: 28 20
1027 DEBUG [main]                               GebiBot     - orders-keys: [24 18, 28 19, 28 20, 23 19, 27 19, 35 20, 35 22] || newLoc: 29 19
1028 DEBUG [main]                               GebiBot     - orders-keys: [24 18, 28 19, 29 19, 28 20, 23 19, 27 19, 35 20, 35 22] || newLoc: 28 18
1073 DEBUG [main]                               GebiBot     - orders-keys: [28 18, 24 18, 28 19, 29 19, 28 20, 23 19, 27 19, 35 20, 35 22] || newLoc: 35 15
1073 DEBUG [main]                               GebiBot     - orders-keys: [28 18, 24 18, 28 19, 29 19, 28 20, 35 15, 23 19, 27 19, 35 20, 35 22] || newLoc: 35 17
1074 DEBUG [main]                               GebiBot     - orders-keys: [28 19] || newLoc: 35 23
1075 DEBUG [main]                               GebiBot     - orders-keys: [28 19, 35 23] || newLoc: 35 21
1078 DEBUG [main]                               GebiBot     - orders-keys: [28 19, 35 21, 35 23] || newLoc: 24 17
1078 DEBUG [main]                               GebiBot     - orders-keys: [28 19, 24 17, 35 21, 35 23] || newLoc: 23 18
1079 DEBUG [main]                               GebiBot     - orders-keys: [28 19, 24 17, 35 21, 23 18, 35 23] || newLoc: 24 19
1080 DEBUG [main]                               GebiBot     - orders-keys: [24 19, 28 19, 24 17, 35 21, 23 18, 35 23] || newLoc: 25 18
1086 DEBUG [main]                               GebiBot     - orders-keys: [24 19, 28 19, 24 17, 25 18, 35 21, 23 18, 35 23] || newLoc: 26 19
1087 DEBUG [main]                               GebiBot     - orders-keys: [24 19, 28 19, 24 17, 25 18, 26 19, 35 21, 23 18, 35 23] || newLoc: 27 20
1088 DEBUG [main]                               GebiBot     - orders-keys: [24 19, 28 19, 24 17, 25 18, 26 19, 27 20, 35 21, 23 18, 35 23] || newLoc: 27 18
1122 DEBUG [main]                               GebiBot     - orders-keys: [24 19, 28 19, 24 17, 25 18, 26 19, 27 20, 27 18, 35 21, 23 18, 35 23] || newLoc: 35 14
1123 DEBUG [main]                               GebiBot     - orders-keys: [24 19, 28 19, 24 17, 25 18, 35 14, 26 19, 27 20, 27 18, 35 21, 23 18, 35 23] || newLoc: 35 16
1124 DEBUG [main]                               GebiBot     - orders-keys: [28 19] || newLoc: 35 24
1124 DEBUG [main]                               GebiBot     - orders-keys: [35 24, 28 19] || newLoc: 35 22
1126 DEBUG [main]                               GebiBot     - orders-keys: [35 24, 28 19, 35 22] || newLoc: 24 16
1127 DEBUG [main]                               GebiBot     - orders-keys: [35 24, 28 19, 24 16, 35 22] || newLoc: 25 17
1127 DEBUG [main]                               GebiBot     - orders-keys: [35 24, 28 19, 24 16, 25 17, 35 22] || newLoc: 24 18
1131 DEBUG [main]                               GebiBot     - orders-keys: [24 18, 35 24, 28 19, 24 16, 25 17, 35 22] || newLoc: 25 19
1131 DEBUG [main]                               GebiBot     - orders-keys: [24 18, 35 24, 28 19, 24 16, 25 19, 25 17, 35 22] || newLoc: 26 20
1132 DEBUG [main]                               GebiBot     - orders-keys: [24 18, 35 24, 28 19, 24 16, 25 19, 25 17, 26 20, 35 22] || newLoc: 27 19
1132 DEBUG [main]                               GebiBot     - orders-keys: [24 18, 35 24, 28 19, 24 16, 25 19, 25 17, 27 19, 26 20, 35 22] || newLoc: 26 18
1171 DEBUG [main]                               GebiBot     - orders-keys: [24 18, 35 24, 28 19, 24 16, 25 19, 25 17, 26 18, 27 19, 26 20, 35 22] || newLoc: 35 13
1172 DEBUG [main]                               GebiBot     - orders-keys: [24 18, 35 24, 28 19, 24 16, 35 13, 25 19, 25 17, 26 18, 27 19, 26 20, 35 22] || newLoc: 35 15
1174 DEBUG [main]                               GebiBot     - orders-keys: [28 19] || newLoc: 23 16
1175 DEBUG [main]                               GebiBot     - orders-keys: [28 19, 23 16] || newLoc: 24 15
1175 DEBUG [main]                               GebiBot     - orders-keys: [28 19, 24 15, 23 16] || newLoc: 25 16
1176 DEBUG [main]                               GebiBot     - orders-keys: [28 19, 25 16, 24 15, 23 16] || newLoc: 24 17
1178 DEBUG [main]                               GebiBot     - orders-keys: [28 19, 24 17, 25 16, 24 15, 23 16] || newLoc: 24 19
1179 DEBUG [main]                               GebiBot     - orders-keys: [24 19, 28 19, 24 17, 25 16, 24 15, 23 16] || newLoc: 25 20
1180 DEBUG [main]                               GebiBot     - orders-keys: [24 19, 28 19, 25 20, 24 17, 25 16, 24 15, 23 16] || newLoc: 26 19
1180 DEBUG [main]                               GebiBot     - orders-keys: [24 19, 28 19, 25 20, 24 17, 25 16, 26 19, 24 15, 23 16] || newLoc: 25 18
1183 DEBUG [main]                               GebiBot     - orders-keys: [24 19, 28 19, 25 20, 24 17, 25 18, 25 16, 26 19, 24 15, 23 16] || newLoc: 36 24
1184 DEBUG [main]                               GebiBot     - orders-keys: [24 19, 28 19, 25 20, 24 17, 25 18, 25 16, 26 19, 24 15, 36 24, 23 16] || newLoc: 35 25
1184 DEBUG [main]                               GebiBot     - orders-keys: [35 25, 24 19, 28 19, 25 20, 24 17, 25 18, 25 16, 26 19, 24 15, 36 24, 23 16] || newLoc: 34 24
1185 DEBUG [main]                               GebiBot     - orders-keys: [35 25, 24 19, 28 19, 25 20, 24 17, 25 18, 34 24, 25 16, 26 19, 24 15, 36 24, 23 16] || newLoc: 35 23
1215 DEBUG [main]                               GebiBot     - orders-keys: [35 25, 24 19, 28 19, 25 20, 24 17, 25 18, 34 24, 25 16, 26 19, 24 15, 36 24, 35 23, 23 16] || newLoc: 35 14
1215 DEBUG [main]                               GebiBot     - orders-keys: [28 19] || newLoc: 35 12
1217 DEBUG [main]                               GebiBot     - orders-keys: [28 19, 35 12] || newLoc: 22 16
1217 DEBUG [main]                               GebiBot     - orders-keys: [28 19, 35 12, 22 16] || newLoc: 23 15
1218 DEBUG [main]                               GebiBot     - orders-keys: [28 19, 35 12, 22 16, 23 15] || newLoc: 24 16
1219 DEBUG [main]                               GebiBot     - orders-keys: [28 19, 35 12, 22 16, 23 15, 24 16] || newLoc: 24 20
1220 DEBUG [main]                               GebiBot     - orders-keys: [28 19, 35 12, 22 16, 23 15, 24 16, 24 20] || newLoc: 23 19
1220 DEBUG [main]                               GebiBot     - orders-keys: [28 19, 35 12, 22 16, 23 19, 23 15, 24 16, 24 20] || newLoc: 25 19
1220 DEBUG [main]                               GebiBot     - orders-keys: [28 19, 35 12, 22 16, 23 19, 23 15, 24 16, 25 19, 24 20] || newLoc: 24 18
1222 DEBUG [main]                               GebiBot     - orders-keys: [28 19, 35 12, 22 16, 23 19, 24 18, 23 15, 24 16, 25 19, 24 20] || newLoc: 27 19
1223 DEBUG [main]                               GebiBot     - orders-keys: [28 19, 35 12, 22 16, 23 19, 24 18, 23 15, 24 16, 25 19, 24 20, 27 19] || newLoc: 28 20
1223 DEBUG [main]                               GebiBot     - orders-keys: [28 19, 35 12, 28 20, 22 16, 23 19, 24 18, 23 15, 24 16, 25 19, 24 20, 27 19] || newLoc: 28 18
1224 DEBUG [main]                               GebiBot     - orders-keys: [28 18, 28 19, 35 12, 28 20, 22 16, 23 19, 24 18, 23 15, 24 16, 25 19, 24 20, 27 19] || newLoc: 29 19
1226 DEBUG [main]                               GebiBot     - orders-keys: [28 18, 28 19, 35 12, 29 19, 28 20, 22 16, 23 19, 24 18, 23 15, 24 16, 25 19, 24 20, 27 19] || newLoc: 37 24
1226 DEBUG [main]                               GebiBot     - orders-keys: [28 18, 28 19, 35 12, 29 19, 28 20, 37 24, 22 16, 23 19, 24 18, 23 15, 24 16, 25 19, 24 20, 27 19] || newLoc: 36 25
1226 DEBUG [main]                               GebiBot     - orders-keys: [28 18, 28 19, 35 12, 29 19, 28 20, 37 24, 22 16, 36 25, 23 19, 24 18, 23 15, 24 16, 25 19, 24 20, 27 19] || newLoc: 35 24
1227 DEBUG [main]                               GebiBot     - orders-keys: [28 18, 28 19, 35 12, 29 19, 28 20, 37 24, 22 16, 36 25, 23 19, 24 18, 35 24, 23 15, 24 16, 25 19, 24 20, 27 19] || newLoc: 36 23
1273 DEBUG [main]                               GebiBot     - orders-keys: [28 18, 28 19, 36 23, 35 12, 29 19, 28 20, 37 24, 22 16, 36 25, 23 19, 24 18, 35 24, 23 15, 24 16, 25 19, 24 20, 27 19] || newLoc: 35 11
1273 DEBUG [main]                               GebiBot     - orders-keys: [28 18, 28 19, 36 23, 35 11, 35 12, 29 19, 28 20, 37 24, 22 16, 36 25, 23 19, 24 18, 35 24, 23 15, 24 16, 25 19, 24 20, 27 19] || newLoc: 35 13
1274 DEBUG [main]                               GebiBot     - orders-keys: [28 19] || newLoc: 29 19
1275 DEBUG [main]                               GebiBot     - orders-keys: [28 19, 29 19] || newLoc: 21 16
1275 DEBUG [main]                               GebiBot     - orders-keys: [28 19, 29 19, 21 16] || newLoc: 23 20
1275 DEBUG [main]                               GebiBot     - orders-keys: [28 19, 29 19, 21 16, 23 20] || newLoc: 26 19
1276 DEBUG [main]                               GebiBot     - orders-keys: [28 19, 29 19, 21 16, 23 20, 26 19] || newLoc: 38 24
1328 DEBUG [main]                               GebiBot     - orders-keys: [28 19, 38 24, 29 19, 21 16, 23 20, 26 19] || newLoc: 35 10
1329 DEBUG [main]                               GebiBot     - orders-keys: [28 19, 35 10, 38 24, 29 19, 21 16, 23 20, 26 19] || newLoc: 20 16
1329 DEBUG [main]                               GebiBot     - orders-keys: [28 19, 35 10, 20 16, 38 24, 29 19, 21 16, 23 20, 26 19] || newLoc: 23 19
1330 DEBUG [main]                               GebiBot     - orders-keys: [28 19, 35 10, 20 16, 38 24, 29 19, 21 16, 23 20, 23 19, 26 19] || newLoc: 25 19
1330 DEBUG [main]                               GebiBot     - orders-keys: [28 19, 35 10, 20 16, 38 24, 29 19, 21 16, 23 20, 23 19, 25 19, 26 19] || newLoc: 30 19
1331 DEBUG [main]                               GebiBot     - orders-keys: [28 19, 35 10, 20 16, 38 24, 29 19, 21 16, 30 19, 23 20, 23 19, 25 19, 26 19] || newLoc: 39 24
1331 DEBUG [main]                               GebiBot     - orders-keys: [28 19] || newLoc: 35 12
1381 DEBUG [main]                               GebiBot     - orders-keys: [28 19, 35 12] || newLoc: 35 9
1381 DEBUG [main]                               GebiBot     - orders-keys: [35 9, 28 19, 35 12] || newLoc: 35 11
1381 DEBUG [main]                               GebiBot     - orders-keys: [35 9, 28 19, 35 11, 35 12] || newLoc: 19 16
1382 DEBUG [main]                               GebiBot     - orders-keys: [35 9, 28 19, 35 11, 35 12, 19 16] || newLoc: 24 19
1382 DEBUG [main]                               GebiBot     - orders-keys: [35 9, 28 19, 35 11, 35 12, 24 19, 19 16] || newLoc: 31 19
1382 DEBUG [main]                               GebiBot     - orders-keys: [35 9, 28 19, 35 11, 35 12, 31 19, 24 19, 19 16] || newLoc: 40 24
1383 DEBUG [main]                               GebiBot     - orders-keys: [28 19] || newLoc: 24 19
1425 DEBUG [main]                               GebiBot     - orders-keys: [28 19, 24 19] || newLoc: 35 8
1426 DEBUG [main]                               GebiBot     - orders-keys: [35 8, 28 19, 24 19] || newLoc: 35 10
1426 DEBUG [main]                               GebiBot     - orders-keys: [35 8, 28 19, 35 10, 24 19] || newLoc: 18 16
1427 DEBUG [main]                               GebiBot     - orders-keys: [35 8, 28 19, 35 10, 24 19, 18 16] || newLoc: 32 19
1427 DEBUG [main]                               GebiBot     - orders-keys: [35 8, 28 19, 35 10, 24 19, 32 19, 18 16] || newLoc: 41 24
1473 DEBUG [main]                               GebiBot     - orders-keys: [28 19] || newLoc: 35 7
1473 DEBUG [main]                               GebiBot     - orders-keys: [28 19, 35 7] || newLoc: 35 9
1474 DEBUG [main]                               GebiBot     - orders-keys: [35 9, 28 19, 35 7] || newLoc: 17 16
1474 DEBUG [main]                               GebiBot     - orders-keys: [35 9, 28 19, 35 7, 17 16] || newLoc: 33 19
1474 DEBUG [main]                               GebiBot     - orders-keys: [35 9, 28 19, 35 7, 33 19, 17 16] || newLoc: 42 24
1505 DEBUG [main]                               GebiBot     - orders-keys: [28 19] || newLoc: 35 6
1505 DEBUG [main]                               GebiBot     - orders-keys: [28 19, 35 6] || newLoc: 35 8
1506 DEBUG [main]                               GebiBot     - orders-keys: [35 8, 28 19, 35 6] || newLoc: 34 19
1506 DEBUG [main]                               GebiBot     - orders-keys: [35 8, 28 19, 35 6, 34 19] || newLoc: 0 24
1541 DEBUG [main]                               GebiBot     - orders-keys: [28 19] || newLoc: 35 5
1541 DEBUG [main]                               GebiBot     - orders-keys: [28 19, 35 5] || newLoc: 35 7
1541 DEBUG [main]                               GebiBot     - orders-keys: [28 19, 35 5, 35 7] || newLoc: 35 19
1542 DEBUG [main]                               GebiBot     - orders-keys: [28 19, 35 5, 35 7, 35 19] || newLoc: 1 24
1574 DEBUG [main]                               GebiBot     - orders-keys: [28 19] || newLoc: 35 6
1574 DEBUG [main]                               GebiBot     - orders-keys: [28 19, 35 6] || newLoc: 35 18
1575 DEBUG [main]                               GebiBot     - orders-keys: [28 19, 35 6, 35 18] || newLoc: 2 24
1575 DEBUG [main]                               GebiBot     - orders-keys: [28 19] || newLoc: 29 19
1576 DEBUG [main]                               GebiBot     - orders-keys: [28 19, 29 19] || newLoc: 36 5
1600 DEBUG [main]                               GebiBot     - orders-keys: [28 19, 29 19, 36 5] || newLoc: 37 5
1600 DEBUG [main]                               GebiBot     - orders-keys: [28 19, 29 19, 36 5, 37 5] || newLoc: 35 5
1601 DEBUG [main]                               GebiBot     - orders-keys: [28 19, 29 19, 35 5, 36 5, 37 5] || newLoc: 35 17
1601 DEBUG [main]                               GebiBot     - orders-keys: [28 19, 29 19, 35 5, 36 5, 37 5, 35 17] || newLoc: 3 24
1601 DEBUG [main]                               GebiBot     - orders-keys: [28 19, 29 19, 35 5, 36 5, 3 24, 37 5, 35 17] || newLoc: 30 19
1629 DEBUG [main]                               GebiBot     - orders-keys: [28 19] || newLoc: 38 5
1630 DEBUG [main]                               GebiBot     - orders-keys: [28 19, 38 5] || newLoc: 35 16
1630 DEBUG [main]                               GebiBot     - orders-keys: [28 19, 35 16, 38 5] || newLoc: 4 24
1631 DEBUG [main]                               GebiBot     - orders-keys: [28 19, 4 24, 35 16, 38 5] || newLoc: 31 19
1631 DEBUG [main]                               GebiBot     - orders-keys: [28 19] || newLoc: 36 5
1662 DEBUG [main]                               GebiBot     - orders-keys: [28 19, 36 5] || newLoc: 39 5
1662 DEBUG [main]                               GebiBot     - orders-keys: [28 19, 36 5, 39 5] || newLoc: 37 5
1663 DEBUG [main]                               GebiBot     - orders-keys: [28 19, 36 5, 37 5, 39 5] || newLoc: 35 15
1663 DEBUG [main]                               GebiBot     - orders-keys: [28 19, 35 15, 36 5, 37 5, 39 5] || newLoc: 5 24
1664 DEBUG [main]                               GebiBot     - orders-keys: [28 19, 35 15, 5 24, 36 5, 37 5, 39 5] || newLoc: 32 19
1696 DEBUG [main]                               GebiBot     - orders-keys: [28 19] || newLoc: 40 5
1697 DEBUG [main]                               GebiBot     - orders-keys: [40 5, 28 19] || newLoc: 38 5
1697 DEBUG [main]                               GebiBot     - orders-keys: [40 5, 28 19, 38 5] || newLoc: 35 14
1698 DEBUG [main]                               GebiBot     - orders-keys: [40 5, 28 19, 35 14, 38 5] || newLoc: 6 24
1698 DEBUG [main]                               GebiBot     - orders-keys: [40 5, 6 24, 28 19, 35 14, 38 5] || newLoc: 33 19
1733 DEBUG [main]                               GebiBot     - orders-keys: [28 19] || newLoc: 41 5
1734 DEBUG [main]                               GebiBot     - orders-keys: [28 19, 41 5] || newLoc: 39 5
1734 DEBUG [main]                               GebiBot     - orders-keys: [28 19, 41 5, 39 5] || newLoc: 35 13
1735 DEBUG [main]                               GebiBot     - orders-keys: [28 19, 41 5, 35 13, 39 5] || newLoc: 7 24
1736 DEBUG [main]                               GebiBot     - orders-keys: [28 19, 41 5, 7 24, 35 13, 39 5] || newLoc: 34 19
1765 DEBUG [main]                               GebiBot     - orders-keys: [28 19] || newLoc: 42 5
1766 DEBUG [main]                               GebiBot     - orders-keys: [28 19, 42 5] || newLoc: 40 5
1766 DEBUG [main]                               GebiBot     - orders-keys: [40 5, 28 19, 42 5] || newLoc: 35 12
1766 DEBUG [main]                               GebiBot     - orders-keys: [40 5, 28 19, 35 12, 42 5] || newLoc: 8 24
1767 DEBUG [main]                               GebiBot     - orders-keys: [40 5, 28 19, 35 12, 42 5, 8 24] || newLoc: 35 19
1802 DEBUG [main]                               GebiBot     - orders-keys: [28 19] || newLoc: 0 5
1802 DEBUG [main]                               GebiBot     - orders-keys: [28 19, 0 5] || newLoc: 41 5
1803 DEBUG [main]                               GebiBot     - orders-keys: [28 19, 41 5, 0 5] || newLoc: 35 11
1803 DEBUG [main]                               GebiBot     - orders-keys: [28 19, 35 11, 41 5, 0 5] || newLoc: 9 24
1803 DEBUG [main]                               GebiBot     - orders-keys: [28 19, 35 11, 41 5, 0 5, 9 24] || newLoc: 36 19
1804 DEBUG [main]                               GebiBot     - orders-keys: [28 19] || newLoc: 29 19
1839 DEBUG [main]                               GebiBot     - orders-keys: [28 19, 29 19] || newLoc: 1 5
1839 DEBUG [main]                               GebiBot     - orders-keys: [1 5, 28 19, 29 19] || newLoc: 42 5
1840 DEBUG [main]                               GebiBot     - orders-keys: [1 5, 28 19, 29 19, 42 5] || newLoc: 35 10
1840 DEBUG [main]                               GebiBot     - orders-keys: [1 5, 28 19, 35 10, 29 19, 42 5] || newLoc: 10 24
1841 DEBUG [main]                               GebiBot     - orders-keys: [1 5, 28 19, 35 10, 29 19, 42 5, 10 24] || newLoc: 37 19
1841 DEBUG [main]                               GebiBot     - orders-keys: [1 5, 28 19, 37 19, 35 10, 29 19, 42 5, 10 24] || newLoc: 30 19
1889 DEBUG [main]                               GebiBot     - orders-keys: [28 19] || newLoc: 2 5
1890 DEBUG [main]                               GebiBot     - orders-keys: [28 19, 2 5] || newLoc: 0 5
1890 DEBUG [main]                               GebiBot     - orders-keys: [28 19, 0 5, 2 5] || newLoc: 35 9
1891 DEBUG [main]                               GebiBot     - orders-keys: [35 9, 28 19, 0 5, 2 5] || newLoc: 11 24
1891 DEBUG [main]                               GebiBot     - orders-keys: [35 9, 28 19, 0 5, 2 5, 11 24] || newLoc: 38 19
1892 DEBUG [main]                               GebiBot     - orders-keys: [35 9, 28 19, 0 5, 2 5, 38 19, 11 24] || newLoc: 31 19
1924 DEBUG [main]                               GebiBot     - orders-keys: [28 19] || newLoc: 3 5
1924 DEBUG [main]                               GebiBot     - orders-keys: [28 19, 3 5] || newLoc: 1 5
1924 DEBUG [main]                               GebiBot     - orders-keys: [1 5, 28 19, 3 5] || newLoc: 35 8
1924 DEBUG [main]                               GebiBot     - orders-keys: [35 8, 1 5, 28 19, 3 5] || newLoc: 12 24
1925 DEBUG [main]                               GebiBot     - orders-keys: [35 8, 1 5, 28 19, 12 24, 3 5] || newLoc: 39 19
1925 DEBUG [main]                               GebiBot     - orders-keys: [35 8, 1 5, 28 19, 12 24, 3 5, 39 19] || newLoc: 32 19
1963 DEBUG [main]                               GebiBot     - orders-keys: [28 19] || newLoc: 4 5
1963 DEBUG [main]                               GebiBot     - orders-keys: [28 19, 4 5] || newLoc: 2 5
1964 DEBUG [main]                               GebiBot     - orders-keys: [28 19, 2 5, 4 5] || newLoc: 35 7
1964 DEBUG [main]                               GebiBot     - orders-keys: [28 19, 2 5, 35 7, 4 5] || newLoc: 13 24
1965 DEBUG [main]                               GebiBot     - orders-keys: [28 19, 13 24, 2 5, 35 7, 4 5] || newLoc: 40 19
1965 DEBUG [main]                               GebiBot     - orders-keys: [28 19, 13 24, 2 5, 35 7, 4 5, 40 19] || newLoc: 33 19
1996 DEBUG [main]                               GebiBot     - orders-keys: [28 19] || newLoc: 5 5
1996 DEBUG [main]                               GebiBot     - orders-keys: [28 19, 5 5] || newLoc: 3 5
1997 DEBUG [main]                               GebiBot     - orders-keys: [28 19, 3 5, 5 5] || newLoc: 35 6
1997 DEBUG [main]                               GebiBot     - orders-keys: [28 19, 3 5, 35 6, 5 5] || newLoc: 14 24
1998 DEBUG [main]                               GebiBot     - orders-keys: [14 24, 28 19, 3 5, 35 6, 5 5] || newLoc: 41 19
1998 DEBUG [main]                               GebiBot     - orders-keys: [14 24, 28 19, 3 5, 35 6, 5 5, 41 19] || newLoc: 34 19
2026 DEBUG [main]                               GebiBot     - orders-keys: [28 19] || newLoc: 6 5
2026 DEBUG [main]                               GebiBot     - orders-keys: [28 19, 6 5] || newLoc: 4 5
2027 DEBUG [main]                               GebiBot     - orders-keys: [28 19, 4 5, 6 5] || newLoc: 35 5
2027 DEBUG [main]                               GebiBot     - orders-keys: [28 19, 35 5, 4 5, 6 5] || newLoc: 14 23
2027 DEBUG [main]                               GebiBot     - orders-keys: [28 19, 35 5, 14 23, 4 5, 6 5] || newLoc: 41 20
2028 DEBUG [main]                               GebiBot     - orders-keys: [28 19, 35 5, 14 23, 41 20, 4 5, 6 5] || newLoc: 35 19
2050 DEBUG [main]                               GebiBot     - orders-keys: [28 19] || newLoc: 7 5
2051 DEBUG [main]                               GebiBot     - orders-keys: [28 19, 7 5] || newLoc: 5 5
2051 DEBUG [main]                               GebiBot     - orders-keys: [28 19, 5 5, 7 5] || newLoc: 41 21
2051 DEBUG [main]                               GebiBot     - orders-keys: [28 19, 5 5, 41 21, 7 5] || newLoc: 36 19
2052 DEBUG [main]                               GebiBot     - orders-keys: [28 19] || newLoc: 36 5
2079 DEBUG [main]                               GebiBot     - orders-keys: [28 19, 36 5] || newLoc: 8 5
2080 DEBUG [main]                               GebiBot     - orders-keys: [28 19, 8 5, 36 5] || newLoc: 6 5
2081 DEBUG [main]                               GebiBot     - orders-keys: [28 19, 8 5, 36 5, 6 5] || newLoc: 37 5
2081 DEBUG [main]                               GebiBot     - orders-keys: [28 19, 8 5, 36 5, 37 5, 6 5] || newLoc: 41 22
2081 DEBUG [main]                               GebiBot     - orders-keys: [28 19, 8 5, 36 5, 37 5, 41 22, 6 5] || newLoc: 37 19
2082 DEBUG [main]                               GebiBot     - orders-keys: [28 19] || newLoc: 27 19
2109 DEBUG [main]                               GebiBot     - orders-keys: [28 19, 27 19] || newLoc: 9 5
2110 DEBUG [main]                               GebiBot     - orders-keys: [9 5, 28 19, 27 19] || newLoc: 7 5
2110 DEBUG [main]                               GebiBot     - orders-keys: [9 5, 28 19, 7 5, 27 19] || newLoc: 38 5
2110 DEBUG [main]                               GebiBot     - orders-keys: [9 5, 28 19, 38 5, 7 5, 27 19] || newLoc: 41 23
2111 DEBUG [main]                               GebiBot     - orders-keys: [9 5, 28 19, 41 23, 38 5, 7 5, 27 19] || newLoc: 38 19
2111 DEBUG [main]                               GebiBot     - orders-keys: [9 5, 28 19, 38 19, 41 23, 38 5, 7 5, 27 19] || newLoc: 26 19
2139 DEBUG [main]                               GebiBot     - orders-keys: [28 19] || newLoc: 10 5
2139 DEBUG [main]                               GebiBot     - orders-keys: [28 19, 10 5] || newLoc: 39 5
2140 DEBUG [main]                               GebiBot     - orders-keys: [28 19, 10 5, 39 5] || newLoc: 42 23
2140 DEBUG [main]                               GebiBot     - orders-keys: [28 19, 10 5, 42 23, 39 5] || newLoc: 39 19
2140 DEBUG [main]                               GebiBot     - orders-keys: [28 19, 39 19, 10 5, 42 23, 39 5] || newLoc: 25 19
2141 DEBUG [main]                               GebiBot     - orders-keys: [28 19] || newLoc: 8 5
2170 DEBUG [main]                               GebiBot     - orders-keys: [28 19, 8 5] || newLoc: 11 5
2170 DEBUG [main]                               GebiBot     - orders-keys: [28 19, 8 5, 11 5] || newLoc: 9 5
2171 DEBUG [main]                               GebiBot     - orders-keys: [9 5, 28 19, 8 5, 11 5] || newLoc: 40 5
2171 DEBUG [main]                               GebiBot     - orders-keys: [40 5, 9 5, 28 19, 8 5, 11 5] || newLoc: 0 23
2171 DEBUG [main]                               GebiBot     - orders-keys: [40 5, 9 5, 28 19, 8 5, 11 5, 0 23] || newLoc: 40 19
2172 DEBUG [main]                               GebiBot     - orders-keys: [40 5, 9 5, 28 19, 8 5, 11 5, 0 23, 40 19] || newLoc: 24 19
2201 DEBUG [main]                               GebiBot     - orders-keys: [28 19] || newLoc: 12 5
2201 DEBUG [main]                               GebiBot     - orders-keys: [28 19, 12 5] || newLoc: 10 5
2202 DEBUG [main]                               GebiBot     - orders-keys: [28 19, 10 5, 12 5] || newLoc: 41 5
2202 DEBUG [main]                               GebiBot     - orders-keys: [28 19, 41 5, 10 5, 12 5] || newLoc: 1 23
2202 DEBUG [main]                               GebiBot     - orders-keys: [28 19, 41 5, 10 5, 1 23, 12 5] || newLoc: 41 19
2203 DEBUG [main]                               GebiBot     - orders-keys: [28 19, 41 5, 10 5, 1 23, 41 19, 12 5] || newLoc: 23 19
2222 DEBUG [main]                               GebiBot     - orders-keys: [28 19] || newLoc: 13 5
2222 DEBUG [main]                               GebiBot     - orders-keys: [28 19, 13 5] || newLoc: 11 5
2223 DEBUG [main]                               GebiBot     - orders-keys: [28 19, 11 5, 13 5] || newLoc: 42 5
2223 DEBUG [main]                               GebiBot     - orders-keys: [28 19, 42 5, 11 5, 13 5] || newLoc: 2 23
2223 DEBUG [main]                               GebiBot     - orders-keys: [28 19, 42 5, 11 5, 13 5, 2 23] || newLoc: 41 18
2224 DEBUG [main]                               GebiBot     - orders-keys: [28 19] || newLoc: 23 20
2224 DEBUG [main]                               GebiBot     - orders-keys: [28 19, 23 20] || newLoc: 24 19
2225 DEBUG [main]                               GebiBot     - orders-keys: [28 19, 23 20, 24 19] || newLoc: 23 18
2256 DEBUG [main]                               GebiBot     - orders-keys: [28 19, 23 20, 23 18, 24 19] || newLoc: 14 5
2257 DEBUG [main]                               GebiBot     - orders-keys: [28 19, 23 20, 23 18, 24 19, 14 5] || newLoc: 12 5
2257 DEBUG [main]                               GebiBot     - orders-keys: [28 19, 23 20, 23 18, 24 19, 12 5, 14 5] || newLoc: 0 5
2257 DEBUG [main]                               GebiBot     - orders-keys: [28 19, 0 5, 23 20, 23 18, 24 19, 12 5, 14 5] || newLoc: 3 23
2258 DEBUG [main]                               GebiBot     - orders-keys: [28 19, 0 5, 23 20, 23 18, 24 19, 12 5, 3 23, 14 5] || newLoc: 41 17
2258 DEBUG [main]                               GebiBot     - orders-keys: [28 19] || newLoc: 23 19
2288 DEBUG [main]                               GebiBot     - orders-keys: [28 19, 23 19] || newLoc: 14 6
2288 DEBUG [main]                               GebiBot     - orders-keys: [28 19, 23 19, 14 6] || newLoc: 13 5
2288 DEBUG [main]                               GebiBot     - orders-keys: [28 19, 23 19, 13 5, 14 6] || newLoc: 1 5
2289 DEBUG [main]                               GebiBot     - orders-keys: [1 5, 28 19, 23 19, 13 5, 14 6] || newLoc: 4 23
2289 DEBUG [main]                               GebiBot     - orders-keys: [1 5, 28 19, 4 23, 23 19, 13 5, 14 6] || newLoc: 41 16
2289 DEBUG [main]                               GebiBot     - orders-keys: [1 5, 28 19, 4 23, 23 19, 41 16, 13 5, 14 6] || newLoc: 23 18
2316 DEBUG [main]                               GebiBot     - orders-keys: [28 19] || newLoc: 14 7
2317 DEBUG [main]                               GebiBot     - orders-keys: [28 19, 14 7] || newLoc: 14 5
2317 DEBUG [main]                               GebiBot     - orders-keys: [28 19, 14 5, 14 7] || newLoc: 2 5
2317 DEBUG [main]                               GebiBot     - orders-keys: [28 19, 2 5, 14 5, 14 7] || newLoc: 5 23
2318 DEBUG [main]                               GebiBot     - orders-keys: [28 19, 5 23, 2 5, 14 5, 14 7] || newLoc: 41 15
2318 DEBUG [main]                               GebiBot     - orders-keys: [28 19] || newLoc: 23 19
2336 DEBUG [main]                               GebiBot     - orders-keys: [28 19, 23 19] || newLoc: 14 8
2337 DEBUG [main]                               GebiBot     - orders-keys: [28 19, 23 19, 14 8] || newLoc: 14 6
2337 DEBUG [main]                               GebiBot     - orders-keys: [28 19, 23 19, 14 8, 14 6] || newLoc: 3 5
2337 DEBUG [main]                               GebiBot     - orders-keys: [28 19, 3 5, 23 19, 14 8, 14 6] || newLoc: 42 15
2338 DEBUG [main]                               GebiBot     - orders-keys: [28 19] || newLoc: 23 18
2357 DEBUG [main]                               GebiBot     - orders-keys: [28 19, 23 18] || newLoc: 14 9
2357 DEBUG [main]                               GebiBot     - orders-keys: [28 19, 23 18, 14 9] || newLoc: 14 7
2357 DEBUG [main]                               GebiBot     - orders-keys: [28 19, 23 18, 14 9, 14 7] || newLoc: 4 5
2358 DEBUG [main]                               GebiBot     - orders-keys: [28 19, 23 18, 14 9, 4 5, 14 7] || newLoc: 0 15
2358 DEBUG [main]                               GebiBot     - orders-keys: [28 19] || newLoc: 23 19
2378 DEBUG [main]                               GebiBot     - orders-keys: [28 19, 23 19] || newLoc: 14 10
2378 DEBUG [main]                               GebiBot     - orders-keys: [28 19, 23 19, 14 10] || newLoc: 14 8
2379 DEBUG [main]                               GebiBot     - orders-keys: [28 19, 23 19, 14 8, 14 10] || newLoc: 5 5
2379 DEBUG [main]                               GebiBot     - orders-keys: [28 19, 23 19, 5 5, 14 8, 14 10] || newLoc: 1 15
2379 DEBUG [main]                               GebiBot     - orders-keys: [28 19] || newLoc: 23 18
2426 DEBUG [main]                               GebiBot     - orders-keys: [28 19, 23 18] || newLoc: 14 11
2427 DEBUG [main]                               GebiBot     - orders-keys: [28 19, 23 18, 14 11] || newLoc: 14 9
2427 DEBUG [main]                               GebiBot     - orders-keys: [28 19, 23 18, 14 9, 14 11] || newLoc: 6 5
2427 DEBUG [main]                               GebiBot     - orders-keys: [28 19, 23 18, 14 9, 14 11, 6 5] || newLoc: 2 15
2428 DEBUG [main]                               GebiBot     - orders-keys: [28 19] || newLoc: 23 19
2450 DEBUG [main]                               GebiBot     - orders-keys: [28 19, 23 19] || newLoc: 14 12
2451 DEBUG [main]                               GebiBot     - orders-keys: [28 19, 23 19, 14 12] || newLoc: 14 10
2451 DEBUG [main]                               GebiBot     - orders-keys: [28 19, 23 19, 14 10, 14 12] || newLoc: 7 5
2452 DEBUG [main]                               GebiBot     - orders-keys: [28 19, 23 19, 14 10, 14 12, 7 5] || newLoc: 3 15
2452 DEBUG [main]                               GebiBot     - orders-keys: [28 19] || newLoc: 23 18
2471 DEBUG [main]                               GebiBot     - orders-keys: [28 19, 23 18] || newLoc: 14 11
2471 DEBUG [main]                               GebiBot     - orders-keys: [28 19, 23 18, 14 11] || newLoc: 8 5
2472 DEBUG [main]                               GebiBot     - orders-keys: [28 19, 8 5, 23 18, 14 11] || newLoc: 4 15
2472 DEBUG [main]                               GebiBot     - orders-keys: [28 19] || newLoc: 23 19
2489 DEBUG [main]                               GebiBot     - orders-keys: [28 19, 23 19] || newLoc: 14 12
2489 DEBUG [main]                               GebiBot     - orders-keys: [28 19, 23 19, 14 12] || newLoc: 9 5
2489 DEBUG [main]                               GebiBot     - orders-keys: [9 5, 28 19, 23 19, 14 12] || newLoc: 5 15
2490 DEBUG [main]                               GebiBot     - orders-keys: [28 19] || newLoc: 23 20
2490 DEBUG [main]                               GebiBot     - orders-keys: [28 19, 23 20] || newLoc: 24 19
2490 DEBUG [main]                               GebiBot     - orders-keys: [28 19, 23 20, 24 19] || newLoc: 23 18
2511 DEBUG [main]                               GebiBot     - orders-keys: [28 19, 23 20, 23 18, 24 19] || newLoc: 14 13
2511 DEBUG [main]                               GebiBot     - orders-keys: [28 19, 23 20, 23 18, 24 19, 14 13] || newLoc: 10 5
2511 DEBUG [main]                               GebiBot     - orders-keys: [28 19, 23 20, 10 5, 23 18, 24 19, 14 13] || newLoc: 6 15
2512 DEBUG [main]                               GebiBot     - orders-keys: [28 19] || newLoc: 23 19
2533 DEBUG [main]                               GebiBot     - orders-keys: [28 19, 23 19] || newLoc: 14 14
2534 DEBUG [main]                               GebiBot     - orders-keys: [28 19, 23 19, 14 14] || newLoc: 11 5
2534 DEBUG [main]                               GebiBot     - orders-keys: [28 19, 11 5, 23 19, 14 14] || newLoc: 7 15
2535 DEBUG [main]                               GebiBot     - orders-keys: [28 19] || newLoc: 23 20
2535 DEBUG [main]                               GebiBot     - orders-keys: [28 19, 23 20] || newLoc: 24 19
2535 DEBUG [main]                               GebiBot     - orders-keys: [28 19, 23 20, 24 19] || newLoc: 23 18
2557 DEBUG [main]                               GebiBot     - orders-keys: [28 19, 23 20, 23 18, 24 19] || newLoc: 12 5
2558 DEBUG [main]                               GebiBot     - orders-keys: [28 19] || newLoc: 23 19
2574 DEBUG [main]                               GebiBot     - orders-keys: [28 19, 23 19] || newLoc: 13 5
2575 DEBUG [main]                               GebiBot     - orders-keys: [28 19] || newLoc: 23 20
2575 DEBUG [main]                               GebiBot     - orders-keys: [28 19, 23 20] || newLoc: 24 19
2576 DEBUG [main]                               GebiBot     - orders-keys: [28 19, 23 20, 24 19] || newLoc: 23 18
2592 DEBUG [main]                               GebiBot     - orders-keys: [28 19, 23 20, 23 18, 24 19] || newLoc: 14 5
2593 DEBUG [main]                               GebiBot     - orders-keys: [28 19] || newLoc: 23 19
2609 DEBUG [main]                               GebiBot     - orders-keys: [28 19, 23 19] || newLoc: 14 6
2609 DEBUG [main]                               GebiBot     - orders-keys: [28 19, 23 19, 14 6] || newLoc: 23 18
